{
  "RSpec": {
    "coverage": {
      "/Users/joyomodiale/Documents/Makers/Challenges/chitter-challenge/spec/chitter_spec.rb": {
        "lines": [
          1,
          null,
          1,
          1,
          1,
          0,
          0,
          null,
          null,
          1,
          1,
          1,
          1,
          null,
          1,
          null,
          1,
          0,
          0,
          null,
          null,
          null
        ]
      },
      "/Users/joyomodiale/Documents/Makers/Challenges/chitter-challenge/lib/chitter.rb": {
        "lines": [
          1,
          null,
          1,
          1,
          null,
          1,
          9,
          9,
          9,
          null,
          null,
          1,
          1,
          1,
          null,
          0,
          null,
          1,
          1,
          3,
          null,
          null,
          null,
          1,
          6,
          6,
          null,
          0,
          null,
          null,
          6,
          6,
          null,
          null,
          null,
          null,
          null,
          null
        ]
      },
      "/Users/joyomodiale/Documents/Makers/Challenges/chitter-challenge/spec/features/features_spec.rb": {
        "lines": [
          1,
          1,
          1,
          0,
          null,
          null,
          null,
          1,
          1,
          1,
          0,
          0,
          0,
          null,
          null,
          null,
          1,
          1,
          1,
          1,
          1,
          null,
          1,
          null,
          0,
          0,
          0,
          null,
          null,
          null
        ]
      }
    },
    "timestamp": 1642369676
  }
}
